<?xml version="1.0" encoding="UTF-8"?>
<!-- Generated by org.testng.reporters.JUnitReportReporter -->
<testsuite skipped="0" hostname="SSundreshs-macbook-pro.local" name="com.appium.GridUFramework.AppTest" tests="1" failures="0" timestamp="27 Nov 2017 23:47:04 GMT" time="109.619" errors="0">
  <testcase name="actionSheets" time="109.619" classname="com.appium.GridUFramework.AppTest"/>
</testsuite> <!-- com.appium.GridUFramework.AppTest -->
