<?xml version="1.0" encoding="UTF-8"?>
<!-- Generated by org.testng.reporters.JUnitReportReporter -->
<testsuite skipped="0" hostname="SSundreshs-macbook-pro.local" name="com.appium.GridUFramework.AppTest" tests="3" failures="0" timestamp="30 Nov 2017 01:56:27 GMT" time="189.689" errors="0">
  <testcase name="testactivityIndicators" time="68.421" classname="com.appium.GridUFramework.AppTest"/>
  <testcase name="testActionSheets" time="70.418" classname="com.appium.GridUFramework.AppTest"/>
  <testcase name="testAlertViews" time="50.850" classname="com.appium.GridUFramework.AppTest"/>
</testsuite> <!-- com.appium.GridUFramework.AppTest -->
