<?xml version="1.0" encoding="UTF-8"?>
<!-- Generated by org.testng.reporters.JUnitReportReporter -->
<testsuite skipped="0" hostname="SSundreshs-macbook-pro.local" name="com.appium.GridUFramework.AppTest" tests="2" failures="0" timestamp="29 Nov 2017 23:49:35 GMT" time="115.491" errors="0">
  <testcase name="testactivityIndicators" time="63.422" classname="com.appium.GridUFramework.AppTest"/>
  <testcase name="testActionSheets" time="52.069" classname="com.appium.GridUFramework.AppTest"/>
</testsuite> <!-- com.appium.GridUFramework.AppTest -->
