<?xml version="1.0" encoding="UTF-8"?>
<!-- Generated by org.testng.reporters.JUnitReportReporter -->
<testsuite skipped="0" hostname="SSundreshs-macbook-pro.local" name="com.appium.GridUFramework.AppTest" tests="1" failures="0" timestamp="05 Dec 2017 22:30:43 GMT" time="16.308" errors="0">
  <testcase name="testActionSheets" time="16.308" classname="com.appium.GridUFramework.AppTest"/>
</testsuite> <!-- com.appium.GridUFramework.AppTest -->
