<?xml version="1.0" encoding="UTF-8"?>
<!-- Generated by org.testng.reporters.JUnitReportReporter -->
<testsuite skipped="0" hostname="SSundreshs-macbook-pro.local" name="com.appium.GridUFramework.AppTest" tests="3" failures="0" timestamp="30 Nov 2017 23:47:06 GMT" time="212.468" errors="0">
  <testcase name="testAlertViews" time="72.345" classname="com.appium.GridUFramework.AppTest"/>
  <testcase name="testactivityIndicators" time="81.823" classname="com.appium.GridUFramework.AppTest"/>
  <testcase name="testActionSheets" time="58.300" classname="com.appium.GridUFramework.AppTest"/>
</testsuite> <!-- com.appium.GridUFramework.AppTest -->
