<?xml version="1.0" encoding="UTF-8"?>
<!-- Generated by org.testng.reporters.JUnitReportReporter -->
<testsuite skipped="0" hostname="SSundreshs-macbook-pro.local" name="com.appium.GridUFramework.AppTest" tests="2" failures="0" timestamp="29 Nov 2017 06:41:10 GMT" time="103.764" errors="0">
  <testcase name="testactivityIndicators" time="42.211" classname="com.appium.GridUFramework.AppTest"/>
  <testcase name="testActionSheets" time="61.553" classname="com.appium.GridUFramework.AppTest"/>
</testsuite> <!-- com.appium.GridUFramework.AppTest -->
