<?xml version="1.0" encoding="UTF-8"?>
<!-- Generated by org.testng.reporters.JUnitReportReporter -->
<testsuite skipped="0" hostname="SSundreshs-macbook-pro.local" name="com.appium.GridUFramework.AppTest" tests="1" failures="0" timestamp="29 Nov 2017 01:47:12 GMT" time="58.983" errors="0">
  <testcase name="actionSheets" time="58.983" classname="com.appium.GridUFramework.AppTest"/>
</testsuite> <!-- com.appium.GridUFramework.AppTest -->
